# JRE version: Java(TM) SE Runtime Environment (8.0_144-b01) (build 1.8.0_144-b01)
# Java VM: Java HotSpot(TM) 64-Bit Server VM (25.144-b01 mixed mode windows-amd64 compressed oops)
Heap:
 PSYoungGen      total 71168K, used 17844K [0x00000000eb380000, 0x00000000f4000000, 0x0000000100000000)
  eden space 64512K, 17% used [0x00000000eb380000,0x00000000ebe73490,0x00000000ef280000)
  from space 6656K, 99% used [0x00000000ef280000,0x00000000ef8f9e58,0x00000000ef900000)
  to   space 9216K, 0% used [0x00000000f3700000,0x00000000f3700000,0x00000000f4000000)
 ParOldGen       total 30208K, used 12693K [0x00000000c1a00000, 0x00000000c3780000, 0x00000000eb380000)
  object space 30208K, 42% used [0x00000000c1a00000,0x00000000c26656b8,0x00000000c3780000)
 Metaspace       used 33773K, capacity 34162K, committed 34688K, reserved 1079296K
  class space    used 4605K, capacity 4700K, committed 4736K, reserved 1048576K
GC Heap History (10 events):
Event: 24.891 GC heap before
{Heap before GC invocations=4 (full 0):
 PSYoungGen      total 18944K, used 18939K [0x00000000eb380000, 0x00000000ed880000, 0x0000000100000000)
  eden space 16384K, 100% used [0x00000000eb380000,0x00000000ec380000,0x00000000ec380000)
  from space 2560K, 99% used [0x00000000ec380000,0x00000000ec5feda8,0x00000000ec600000)
  to   space 2560K, 0% used [0x00000000ed600000,0x00000000ed600000,0x00000000ed880000)
 ParOldGen       total 44032K, used 7026K [0x00000000c1a00000, 0x00000000c4500000, 0x00000000eb380000)
  object space 44032K, 15% used [0x00000000c1a00000,0x00000000c20dcb58,0x00000000c4500000)
 Metaspace       used 20044K, capacity 20258K, committed 20608K, reserved 1067008K
  class space    used 2526K, capacity 2588K, committed 2688K, reserved 1048576K
Event: 24.905 GC heap after
Heap after GC invocations=4 (full 0):
 PSYoungGen      total 35328K, used 2533K [0x00000000eb380000, 0x00000000ed880000, 0x0000000100000000)
  eden space 32768K, 0% used [0x00000000eb380000,0x00000000eb380000,0x00000000ed380000)
  from space 2560K, 98% used [0x00000000ed600000,0x00000000ed8795e0,0x00000000ed880000)
  to   space 2560K, 0% used [0x00000000ed380000,0x00000000ed380000,0x00000000ed600000)
 ParOldGen       total 44032K, used 9550K [0x00000000c1a00000, 0x00000000c4500000, 0x00000000eb380000)
  object space 44032K, 21% used [0x00000000c1a00000,0x00000000c2353930,0x00000000c4500000)
 Metaspace       used 20044K, capacity 20258K, committed 20608K, reserved 1067008K
  class space    used 2526K, capacity 2588K, committed 2688K, reserved 1048576K
}
Event: 26.126 GC heap before
{Heap before GC invocations=5 (full 0):
 PSYoungGen      total 35328K, used 11819K [0x00000000eb380000, 0x00000000ed880000, 0x0000000100000000)
  eden space 32768K, 28% used [0x00000000eb380000,0x00000000ebc91a10,0x00000000ed380000)
  from space 2560K, 98% used [0x00000000ed600000,0x00000000ed8795e0,0x00000000ed880000)
  to   space 2560K, 0% used [0x00000000ed380000,0x00000000ed380000,0x00000000ed600000)
 ParOldGen       total 44032K, used 9550K [0x00000000c1a00000, 0x00000000c4500000, 0x00000000eb380000)
  object space 44032K, 21% used [0x00000000c1a00000,0x00000000c2353930,0x00000000c4500000)
 Metaspace       used 20713K, capacity 20960K, committed 21248K, reserved 1067008K
  class space    used 2605K, capacity 2689K, committed 2816K, reserved 1048576K
Event: 26.137 GC heap after
Heap after GC invocations=5 (full 0):
 PSYoungGen      total 35328K, used 2470K [0x00000000eb380000, 0x00000000f0080000, 0x0000000100000000)
  eden space 32768K, 0% used [0x00000000eb380000,0x00000000eb380000,0x00000000ed380000)
  from space 2560K, 96% used [0x00000000ed380000,0x00000000ed5e9bf8,0x00000000ed600000)
  to   space 6656K, 0% used [0x00000000efa00000,0x00000000efa00000,0x00000000f0080000)
 ParOldGen       total 44032K, used 10933K [0x00000000c1a00000, 0x00000000c4500000, 0x00000000eb380000)
  object space 44032K, 24% used [0x00000000c1a00000,0x00000000c24ad4e0,0x00000000c4500000)
 Metaspace       used 20713K, capacity 20960K, committed 21248K, reserved 1067008K
  class space    used 2605K, capacity 2689K, committed 2816K, reserved 1048576K
}
Event: 26.137 GC heap before
{Heap before GC invocations=6 (full 1):
 PSYoungGen      total 35328K, used 2470K [0x00000000eb380000, 0x00000000f0080000, 0x0000000100000000)
  eden space 32768K, 0% used [0x00000000eb380000,0x00000000eb380000,0x00000000ed380000)
  from space 2560K, 96% used [0x00000000ed380000,0x00000000ed5e9bf8,0x00000000ed600000)
  to   space 6656K, 0% used [0x00000000efa00000,0x00000000efa00000,0x00000000f0080000)
 ParOldGen       total 44032K, used 10933K [0x00000000c1a00000, 0x00000000c4500000, 0x00000000eb380000)
  object space 44032K, 24% used [0x00000000c1a00000,0x00000000c24ad4e0,0x00000000c4500000)
 Metaspace       used 20713K, capacity 20960K, committed 21248K, reserved 1067008K
  class space    used 2605K, capacity 2689K, committed 2816K, reserved 1048576K
Event: 26.194 GC heap after
Heap after GC invocations=6 (full 1):
 PSYoungGen      total 35328K, used 0K [0x00000000eb380000, 0x00000000f0080000, 0x0000000100000000)
  eden space 32768K, 0% used [0x00000000eb380000,0x00000000eb380000,0x00000000ed380000)
  from space 2560K, 0% used [0x00000000ed380000,0x00000000ed380000,0x00000000ed600000)
  to   space 6656K, 0% used [0x00000000efa00000,0x00000000efa00000,0x00000000f0080000)
 ParOldGen       total 30208K, used 9312K [0x00000000c1a00000, 0x00000000c3780000, 0x00000000eb380000)
  object space 30208K, 30% used [0x00000000c1a00000,0x00000000c2318100,0x00000000c3780000)
 Metaspace       used 20713K, capacity 20960K, committed 21248K, reserved 1067008K
  class space    used 2605K, capacity 2689K, committed 2816K, reserved 1048576K
}
Event: 29.039 GC heap before
{Heap before GC invocations=7 (full 1):
 PSYoungGen      total 35328K, used 32768K [0x00000000eb380000, 0x00000000f0080000, 0x0000000100000000)
  eden space 32768K, 100% used [0x00000000eb380000,0x00000000ed380000,0x00000000ed380000)
  from space 2560K, 0% used [0x00000000ed380000,0x00000000ed380000,0x00000000ed600000)
  to   space 6656K, 0% used [0x00000000efa00000,0x00000000efa00000,0x00000000f0080000)
 ParOldGen       total 30208K, used 9312K [0x00000000c1a00000, 0x00000000c3780000, 0x00000000eb380000)
  object space 30208K, 30% used [0x00000000c1a00000,0x00000000c2318100,0x00000000c3780000)
 Metaspace       used 22948K, capacity 23312K, committed 23552K, reserved 1069056K
  class space    used 3117K, capacity 3219K, committed 3328K, reserved 1048576K
Event: 29.050 GC heap after
Heap after GC invocations=7 (full 1):
 PSYoungGen      total 70144K, used 2424K [0x00000000eb380000, 0x00000000eff80000, 0x0000000100000000)
  eden space 64512K, 0% used [0x00000000eb380000,0x00000000eb380000,0x00000000ef280000)
  from space 5632K, 43% used [0x00000000efa00000,0x00000000efc5e228,0x00000000eff80000)
  to   space 6656K, 0% used [0x00000000ef280000,0x00000000ef280000,0x00000000ef900000)
 ParOldGen       total 30208K, used 9320K [0x00000000c1a00000, 0x00000000c3780000, 0x00000000eb380000)
  object space 30208K, 30% used [0x00000000c1a00000,0x00000000c231a100,0x00000000c3780000)
 Metaspace       used 22948K, capacity 23312K, committed 23552K, reserved 1069056K
  class space    used 3117K, capacity 3219K, committed 3328K, reserved 1048576K
}
Event: 32.273 GC heap before
{Heap before GC invocations=8 (full 1):
 PSYoungGen      total 70144K, used 66936K [0x00000000eb380000, 0x00000000eff80000, 0x0000000100000000)
  eden space 64512K, 100% used [0x00000000eb380000,0x00000000ef280000,0x00000000ef280000)
  from space 5632K, 43% used [0x00000000efa00000,0x00000000efc5e228,0x00000000eff80000)
  to   space 6656K, 0% used [0x00000000ef280000,0x00000000ef280000,0x00000000ef900000)
 ParOldGen       total 30208K, used 9320K [0x00000000c1a00000, 0x00000000c3780000, 0x00000000eb380000)
  object space 30208K, 30% used [0x00000000c1a00000,0x00000000c231a100,0x00000000c3780000)
 Metaspace       used 32153K, capacity 32540K, committed 33024K, reserved 1077248K
  class space    used 4414K, capacity 4503K, committed 4608K, reserved 1048576K
Event: 32.288 GC heap after
Heap after GC invocations=8 (full 1):
 PSYoungGen      total 71168K, used 6631K [0x00000000eb380000, 0x00000000f4000000, 0x0000000100000000)
  eden space 64512K, 0% used [0x00000000eb380000,0x00000000eb380000,0x00000000ef280000)
  from space 6656K, 99% used [0x00000000ef280000,0x00000000ef8f9e58,0x00000000ef900000)
  to   space 9216K, 0% used [0x00000000f3700000,0x00000000f3700000,0x00000000f4000000)
 ParOldGen       total 30208K, used 12693K [0x00000000c1a00000, 0x00000000c3780000, 0x00000000eb380000)
  object space 30208K, 42% used [0x00000000c1a00000,0x00000000c26656b8,0x00000000c3780000)
 Metaspace       used 32153K, capacity 32540K, committed 33024K, reserved 1077248K
  class space    used 4414K, capacity 4503K, committed 4608K, reserved 1048576K
}

